
> react-typescript-starter@0.1.0 test
> react-scripts test "--coverage"

FAIL src/nested.test.ts
  ● Testing the Question[] functions › Testing the addEditQuestionOption function

    expect(received).toEqual(expected) // deep equality

    - Expected  - 3
    + Received  + 1

    @@ -2,13 +2,11 @@
        Object {
          "body": "",
          "expected": "",
          "id": 1,
          "name": "Question 1",
    -     "options": Array [
    -       "NEW OPTION",
    -     ],
    +     "options": Array [],
          "points": 1,
          "published": false,
          "type": "multiple_choice_question",
        },
        Object {

      895 |
      896 |     test("Testing the addEditQuestionOption function", () => {
    > 897 |         expect(editOption(BLANK_QUESTIONS, 1, -1, "NEW OPTION")).toEqual([
          |                                                                  ^
      898 |             {
      899 |                 id: 1,
      900 |                 name: "Question 1",

      at Object.<anonymous> (src/nested.test.ts:897:66)

PASS src/arrays.test.ts
PASS src/objects.test.ts
PASS src/HtmlCss.test.tsx
PASS src/functions.test.ts
PASS src/text.test.tsx
PASS src/App.test.tsx
----------------|---------|----------|---------|---------|-------------------
File            | % Stmts | % Branch | % Funcs | % Lines | Uncovered Line #s 
----------------|---------|----------|---------|---------|-------------------
All files       |   99.57 |    98.75 |     100 |   99.56 |                   
 src            |   99.57 |    98.75 |     100 |   99.56 |                   
  App.tsx       |     100 |      100 |     100 |     100 |                   
  arrays.ts     |     100 |      100 |     100 |     100 |                   
  functions.ts  |     100 |      100 |     100 |     100 |                   
  nested.ts     |      99 |    96.29 |     100 |      99 | 305               
  objects.ts    |     100 |      100 |     100 |     100 |                   
 src/interfaces |       0 |        0 |       0 |       0 |                   
  answer.ts     |       0 |        0 |       0 |       0 |                   
  question.ts   |       0 |        0 |       0 |       0 |                   
----------------|---------|----------|---------|---------|-------------------

Test Suites: 1 failed, 6 passed, 7 total
Tests:       1 failed, 48 passed, 49 total
Snapshots:   0 total
Time:        5.689 s
Ran all test suites.
